<?xml version="1.0" encoding="UTF-8"?>
<testng-results ignored="0" total="1" passed="1" failed="0" skipped="0">
  <reporter-output>
  </reporter-output>
  <suite started-at="2019-02-04T18:20:59Z" name="Suite" finished-at="2019-02-04T18:21:08Z" duration-ms="8633">
    <groups>
    </groups>
    <test started-at="2019-02-04T18:20:59Z" name="Test" finished-at="2019-02-04T18:21:08Z" duration-ms="8633">
      <class name="DemoMavenProject.Run.FirstTest">
        <test-method is-config="true" signature="beforeClass()[pri:0, instance:DemoMavenProject.Run.FirstTest@7133da86]" started-at="2019-02-04T18:20:59Z" name="beforeClass" finished-at="2019-02-04T18:21:03Z" duration-ms="3868" status="PASS">
          <reporter-output>
          </reporter-output>
        </test-method> <!-- beforeClass -->
        <test-method signature="f()[pri:0, instance:DemoMavenProject.Run.FirstTest@7133da86]" started-at="2019-02-04T18:21:03Z" name="f" finished-at="2019-02-04T18:21:06Z" duration-ms="2418" status="PASS">
          <reporter-output>
          </reporter-output>
        </test-method> <!-- f -->
        <test-method is-config="true" signature="afterClass()[pri:0, instance:DemoMavenProject.Run.FirstTest@7133da86]" started-at="2019-02-04T18:21:06Z" name="afterClass" finished-at="2019-02-04T18:21:08Z" duration-ms="2325" status="PASS">
          <reporter-output>
          </reporter-output>
        </test-method> <!-- afterClass -->
      </class> <!-- DemoMavenProject.Run.FirstTest -->
    </test> <!-- Test -->
  </suite> <!-- Suite -->
</testng-results>
